<?xml version="1.0" encoding="UTF-8"?>
<!-- Generated by org.testng.reporters.JUnitReportReporter -->
<testsuite hostname="DESKTOP-PQ5SCRH" failures="0" tests="2" name="B10_Annotation.Test_Annotation" time="0.014" errors="0" timestamp="2021-08-31T08:32:38 ICT" skipped="0">
  <testcase classname="B10_Annotation.Test_Annotation" name="testOneMethod" time="0.011"/>
  <system-out/>
  <testcase classname="B10_Annotation.Test_Annotation" name="testTwoMethod" time="0.003"/>
  <system-out/>
</testsuite> <!-- B10_Annotation.Test_Annotation -->
