<?xml version="1.0" encoding="UTF-8"?>
<!-- Generated by org.testng.reporters.JUnitReportReporter -->
<testsuite hostname="DESKTOP-PQ5SCRH" failures="0" tests="1" name="secondpackage.SecondClass" time="0.001" errors="0" timestamp="2021-12-13T17:28:13 ICT" skipped="0">
  <testcase classname="secondpackage.SecondClass" name="secondTest" time="0.001"/>
  <system-out/>
</testsuite> <!-- secondpackage.SecondClass -->
