<?xml version="1.0" encoding="UTF-8"?>
<!-- Generated by org.testng.reporters.JUnitReportReporter -->
<testsuite hostname="DESKTOP-PQ5SCRH" failures="0" tests="2" name="firstpackage.SecondClass" time="0.002" errors="0" timestamp="2021-12-13T17:29:06 ICT" skipped="0">
  <testcase classname="firstpackage.SecondClass" name="secondTest" time="0.001"/>
  <system-out/>
  <testcase classname="firstpackage.SecondClass" name="firstTest" time="0.001"/>
  <system-out/>
</testsuite> <!-- firstpackage.SecondClass -->
