<?xml version="1.0" encoding="UTF-8"?>
<!-- Generated by org.testng.reporters.JUnitReportReporter -->
<testsuite hostname="DESKTOP-PQ5SCRH" failures="0" tests="2" name="Test_ProjectTestNG.TestNG1" time="3.190" errors="0" timestamp="2021-12-13T17:06:19 ICT" skipped="0">
  <testcase classname="Test_ProjectTestNG.TestNG1" name="Demo1" time="1.041"/>
  <system-out/>
  <testcase classname="Test_ProjectTestNG.TestNG1" name="Demo2" time="2.149"/>
  <system-out/>
</testsuite> <!-- Test_ProjectTestNG.TestNG1 -->
