<?xml version="1.0" encoding="UTF-8"?>
<!-- Generated by org.testng.reporters.JUnitReportReporter -->
<testsuite hostname="DESKTOP-PQ5SCRH" failures="0" tests="1" name="secondpackage.FirstClass" time="0.009" errors="0" timestamp="2021-12-13T17:28:13 ICT" skipped="0">
  <testcase classname="secondpackage.FirstClass" name="firstTest" time="0.009"/>
  <system-out/>
</testsuite> <!-- secondpackage.FirstClass -->
