<?xml version="1.0" encoding="UTF-8"?>
<!-- Generated by org.testng.reporters.JUnitReportReporter -->
<testsuite hostname="DESKTOP-PQ5SCRH" failures="0" tests="2" name="firstackage.FirstClass" time="0.013" errors="0" timestamp="2021-08-26T15:54:54 ICT" skipped="0">
  <testcase classname="firstackage.FirstClass" name="firstTest" time="0.011"/>
  <system-out/>
  <testcase classname="firstackage.FirstClass" name="secondTest" time="0.002"/>
  <system-out/>
</testsuite> <!-- firstackage.FirstClass -->
